#
# There is insufficient memory for the Java Runtime Environment to continue.
# Native memory allocation (mmap) failed to map 268435456 bytes for Failed to commit area from 0x0000000701e00000 to 0x0000000711e00000 of length 268435456.
# Possible reasons:
#   The system is out of physical RAM or swap space
#   The process is running with CompressedOops enabled, and the Java Heap may be blocking the growth of the native heap
# Possible solutions:
#   Reduce memory load on the system
#   Increase physical memory or swap space
#   Check if swap backing store is full
#   Decrease Java heap size (-Xmx/-Xms)
#   Decrease number of Java threads
#   Decrease Java thread stack sizes (-Xss)
#   Set larger code cache with -XX:ReservedCodeCacheSize=
# This output file may be truncated or incomplete.
#
#  Out of Memory Error (./src/hotspot/os/windows/os_windows.cpp:3303), pid=904, tid=20024
#
# JRE version:  (11.0.7+10) (build )
# Java VM: OpenJDK 64-Bit Server VM (11.0.7+10-LTS, mixed mode, sharing, tiered, compressed oops, g1 gc, windows-amd64)
# No core dump will be written. Minidumps are not enabled by default on client versions of Windows
#

---------------  S U M M A R Y ------------

Command Line: -Dmaven.multiModuleProjectDirectory=C:\Alterdata Tech4me 2021\Backend\Aula 08\pessoa-ws org.apache.maven.wrapper.MavenWrapperMain spring-boot:run -f c:\Alterdata Tech4me 2021\Backend\Aula 08\pessoa-ws\pom.xml

Host: Intel(R) Core(TM) i5-8265U CPU @ 1.60GHz, 8 cores, 15G,  Windows 10 , 64 bit Build 18362 (10.0.18362.1350)
Time: Tue Aug 10 18:53:06 2021 Hora Padrão da Bahia elapsed time: 0 seconds (0d 0h 0m 0s)

---------------  T H R E A D  ---------------

Current thread (0x0000014277c6c000):  JavaThread "Unknown thread" [_thread_in_vm, id=20024, stack(0x0000003cc0000000,0x0000003cc0100000)]

Stack: [0x0000003cc0000000,0x0000003cc0100000]
Native frames: (J=compiled Java code, j=interpreted, Vv=VM code, C=native code)
V  [jvm.dll+0x5e3cca]
V  [jvm.dll+0x77a76e]
V  [jvm.dll+0x77be3f]
V  [jvm.dll+0x77c503]
V  [jvm.dll+0x242b18]
V  [jvm.dll+0x5e0f8a]
V  [jvm.dll+0x5d5c75]
V  [jvm.dll+0x2f8d2c]
V  [jvm.dll+0x2f8bb2]
V  [jvm.dll+0x2fd866]
V  [jvm.dll+0x34189f]
V  [jvm.dll+0x3412d0]
V  [jvm.dll+0x2d6078]
V  [jvm.dll+0x2d71c6]
V  [jvm.dll+0x7562a7]
V  [jvm.dll+0x757a2f]
V  [jvm.dll+0x34e619]
V  [jvm.dll+0x739910]
V  [jvm.dll+0x3b5acf]
V  [jvm.dll+0x3b7f71]
C  [jli.dll+0x2f03]
C  [ucrtbase.dll+0x210b2]
C  [KERNEL32.DLL+0x17c24]
C  [ntdll.dll+0x6d721]


---------------  P R O C E S S  ---------------

Threads class SMR info:
_java_thread_list=0x00000142759f5dc0, length=0, elements={
}

Java Threads: ( => current thread )

Other Threads:
  0x0000014277c85000 GCTaskThread "GC Thread#0" [stack: 0x0000003cc0100000,0x0000003cc0200000] [id=13820]
  0x0000014277ce0800 ConcurrentGCThread "G1 Main Marker" [stack: 0x0000003cc0200000,0x0000003cc0300000] [id=20708]
  0x0000014277ce3800 ConcurrentGCThread "G1 Conc#0" [stack: 0x0000003cc0300000,0x0000003cc0400000] [id=2564]

[error occurred during error reporting (printing all threads), id 0xc0000005, EXCEPTION_ACCESS_VIOLATION (0xc0000005) at pc=0x00007ffa616856c7]

VM state:not at safepoint (not fully initialized)

VM Mutex/Monitor currently owned by a thread:  ([mutex/lock_event])
[0x0000014277c697f0] Heap_lock - owner thread: 0x0000014277c6c000

Heap address: 0x0000000701e00000, size: 4066 MB, Compressed Oops mode: Non-zero based: 0x0000000701e00000
Narrow klass base: 0x0000000000000000, Narrow klass shift: 0

GC Heap History (0 events):
No events

Deoptimization events (0 events):
No events

Classes redefined (0 events):
No events

Internal exceptions (0 events):
No events

Events (2 events):
Event: 0.005 Loaded shared library C:\Program Files\RedHat\java-11-openjdk-11.0.7-1\bin\zip.dll
Event: 0.005 Loaded shared library C:\Program Files\RedHat\java-11-openjdk-11.0.7-1\bin\jimage.dll


Dynamic libraries:
0x00007ff6bcba0000 - 0x00007ff6bcc02000 	C:\Program Files\RedHat\java-11-openjdk-11.0.7-1\bin\java.exe
0x00007ffac17e0000 - 0x00007ffac19d0000 	C:\WINDOWS\SYSTEM32\ntdll.dll
0x00007ffac16a0000 - 0x00007ffac1752000 	C:\WINDOWS\System32\KERNEL32.DLL
0x00007ffabe7b0000 - 0x00007ffabea55000 	C:\WINDOWS\System32\KERNELBASE.dll
0x00007ffabf4e0000 - 0x00007ffabf5da000 	C:\WINDOWS\System32\ucrtbase.dll
0x00007ffaad750000 - 0x00007ffaad768000 	C:\Program Files\RedHat\java-11-openjdk-11.0.7-1\bin\jli.dll
0x00007ffaad870000 - 0x00007ffaad885000 	C:\Program Files\RedHat\java-11-openjdk-11.0.7-1\bin\VCRUNTIME140.dll
0x00007ffac07e0000 - 0x00007ffac0974000 	C:\WINDOWS\System32\USER32.dll
0x00007ffabf460000 - 0x00007ffabf481000 	C:\WINDOWS\System32\win32u.dll
0x00007ffaa3a90000 - 0x00007ffaa3d14000 	C:\WINDOWS\WinSxS\amd64_microsoft.windows.common-controls_6595b64144ccf1df_6.0.18362.1440_none_9e7dbfb9e45e8e67\COMCTL32.dll
0x00007ffac0580000 - 0x00007ffac061e000 	C:\WINDOWS\System32\msvcrt.dll
0x00007ffac0780000 - 0x00007ffac07a6000 	C:\WINDOWS\System32\GDI32.dll
0x00007ffac1360000 - 0x00007ffac1696000 	C:\WINDOWS\System32\combase.dll
0x00007ffabf5e0000 - 0x00007ffabf778000 	C:\WINDOWS\System32\gdi32full.dll
0x00007ffabea60000 - 0x00007ffabeafe000 	C:\WINDOWS\System32\msvcp_win.dll
0x00007ffac01f0000 - 0x00007ffac030f000 	C:\WINDOWS\System32\RPCRT4.dll
0x00007ffabe720000 - 0x00007ffabe7a1000 	C:\WINDOWS\System32\bcryptPrimitives.dll
0x00007ffac07b0000 - 0x00007ffac07de000 	C:\WINDOWS\System32\IMM32.DLL
0x00007ffa84230000 - 0x00007ffa842cb000 	C:\Program Files\RedHat\java-11-openjdk-11.0.7-1\bin\msvcp140.dll
0x00007ffa613a0000 - 0x00007ffa61ee6000 	C:\Program Files\RedHat\java-11-openjdk-11.0.7-1\bin\server\jvm.dll
0x00007ffabf980000 - 0x00007ffabfa23000 	C:\WINDOWS\System32\ADVAPI32.dll
0x00007ffabf860000 - 0x00007ffabf8f7000 	C:\WINDOWS\System32\sechost.dll
0x00007ffac0d30000 - 0x00007ffac0d38000 	C:\WINDOWS\System32\PSAPI.DLL
0x00007ffab91d0000 - 0x00007ffab91f4000 	C:\WINDOWS\SYSTEM32\WINMM.dll
0x00007ffab4fc0000 - 0x00007ffab4fca000 	C:\WINDOWS\SYSTEM32\VERSION.dll
0x00007ffa9e050000 - 0x00007ffa9e059000 	C:\WINDOWS\SYSTEM32\WSOCK32.dll
0x00007ffac0990000 - 0x00007ffac09ff000 	C:\WINDOWS\System32\WS2_32.dll
0x00007ffab91a0000 - 0x00007ffab91cd000 	C:\WINDOWS\SYSTEM32\winmmbase.dll
0x00007ffabf490000 - 0x00007ffabf4da000 	C:\WINDOWS\System32\cfgmgr32.dll
0x00007ffabe6e0000 - 0x00007ffabe6f1000 	C:\WINDOWS\System32\kernel.appcore.dll
0x00007ffab0900000 - 0x00007ffab0910000 	C:\Program Files\RedHat\java-11-openjdk-11.0.7-1\bin\verify.dll
0x00007ffab9ec0000 - 0x00007ffaba0b4000 	C:\WINDOWS\SYSTEM32\DBGHELP.DLL
0x00007ffaa0d60000 - 0x00007ffaa0d8a000 	C:\WINDOWS\SYSTEM32\dbgcore.DLL
0x00007ffaad200000 - 0x00007ffaad228000 	C:\Program Files\RedHat\java-11-openjdk-11.0.7-1\bin\java.dll
0x00007ffaad3b0000 - 0x00007ffaad3c7000 	C:\Program Files\RedHat\java-11-openjdk-11.0.7-1\bin\zip.dll
0x00007ffab0390000 - 0x00007ffab039a000 	C:\Program Files\RedHat\java-11-openjdk-11.0.7-1\bin\jimage.dll

dbghelp: loaded successfully - version: 4.0.5 - missing functions: none
symbol engine: initialized successfully - sym options: 0x614 - pdb path: .;C:\Program Files\RedHat\java-11-openjdk-11.0.7-1\bin;C:\WINDOWS\SYSTEM32;C:\WINDOWS\WinSxS\amd64_microsoft.windows.common-controls_6595b64144ccf1df_6.0.18362.1440_none_9e7dbfb9e45e8e67;C:\Program Files\RedHat\java-11-openjdk-11.0.7-1\bin\server

VM Arguments:
jvm_args: -Dmaven.multiModuleProjectDirectory=C:\Alterdata Tech4me 2021\Backend\Aula 08\pessoa-ws 
java_command: org.apache.maven.wrapper.MavenWrapperMain spring-boot:run -f c:\Alterdata Tech4me 2021\Backend\Aula 08\pessoa-ws\pom.xml
java_class_path (initial): C:\Alterdata Tech4me 2021\Backend\Aula 08\pessoa-ws\.mvn\wrapper\maven-wrapper.jar
Launcher Type: SUN_STANDARD

[Global flags]
     intx CICompilerCount                          = 4                                         {product} {ergonomic}
     uint ConcGCThreads                            = 2                                         {product} {ergonomic}
     uint G1ConcRefinementThreads                  = 8                                         {product} {ergonomic}
   size_t G1HeapRegionSize                         = 1048576                                   {product} {ergonomic}
    uintx GCDrainStackTargetSize                   = 64                                        {product} {ergonomic}
   size_t InitialHeapSize                          = 268435456                                 {product} {ergonomic}
   size_t MarkStackSize                            = 4194304                                   {product} {ergonomic}
   size_t MaxHeapSize                              = 4263510016                                {product} {ergonomic}
   size_t MinHeapDeltaBytes                        = 1048576                                   {product} {ergonomic}
    uintx NonNMethodCodeHeapSize                   = 5836300                                {pd product} {ergonomic}
    uintx NonProfiledCodeHeapSize                  = 122910970                              {pd product} {ergonomic}
    uintx ProfiledCodeHeapSize                     = 122910970                              {pd product} {ergonomic}
    uintx ReservedCodeCacheSize                    = 251658240                              {pd product} {ergonomic}
     bool SegmentedCodeCache                       = true                                      {product} {ergonomic}
     bool UseCompressedClassPointers               = true                                 {lp64_product} {ergonomic}
     bool UseCompressedOops                        = true                                 {lp64_product} {ergonomic}
     bool UseG1GC                                  = true                                      {product} {ergonomic}
     bool UseLargePagesIndividualAllocation        = false                                  {pd product} {ergonomic}

Logging:
Log output configuration:
 #0: stdout all=warning uptime,level,tags
 #1: stderr all=off uptime,level,tags

Environment Variables:
JAVA_HOME=C:\Program Files\RedHat\java-11-openjdk-11.0.7-1
CLASSPATH=;C:\Program Files\RedHat\java-11-openjdk-11.0.7-1\lib;C:\Program Files\RedHat\java-11-openjdk-11.0.7-1\lib\tools.jar;C:\Program Files\RedHat\java-11-openjdk-11.0.7-1\lib\dt.jar;
PATH=C:\Program Files (x86)\Embarcadero\Studio\19.0\bin;C:\Users\Public\Documents\Embarcadero\Studio\19.0\Bpl;C:\Program Files (x86)\Embarcadero\Studio\19.0\bin64;C:\Users\Public\Documents\Embarcadero\Studio\19.0\Bpl\Win64;C:\Program Files (x86)\Embarcadero\Studio\20.0\bin;C:\Users\Public\Documents\Embarcadero\Studio\20.0\Bpl;C:\Program Files (x86)\Embarcadero\Studio\20.0\bin64;C:\Users\Public\Documents\Embarcadero\Studio\20.0\Bpl\Win64;C:\Program Files (x86)\Borland\Delphi7\Bin;C:\Program Files (x86)\Borland\Delphi7\Projects\Bpl\;C:\Program Files (x86)\Common Files\Oracle\Java\javapath;C:\WINDOWS\system32;C:\WINDOWS;C:\WINDOWS\System32\Wbem;C:\WINDOWS\System32\WindowsPowerShell\v1.0\;C:\WINDOWS\System32\OpenSSH\;C:\Program Files\RedHat\java-11-openjdk-11.0.7-1\bin;;C:\Program Files (x86)\EurekaLab\EurekaLog 6\Delphi7;C:\Program Files\Microsoft SQL Server\110\Tools\Binn\;c:\Program Files (x86)\Microsoft SQL Server\110\Tools\Binn\;c:\Program Files\Microsoft SQL Server\110\DTS\Binn\;C:\Program Files\RedHat\java-11-openjdk-11.0.7-1\bin;C:\Program Files\nodejs\;C:\Program Files\Git\cmd;C:\Program Files\TortoiseSVN\bin;C:\Program Files\apache-maven-3.8.1\bin;C:\Users\jacqueline.dsn.pack.ALTERDATA\AppData\Local\Microsoft\WindowsApps;C:\Users\jacqueline.dsn.pack.ALTERDATA\AppData\Local\Programs\Fiddler;C:\Program Files\MongoDB\Server\4.2\bin;C:\Program Files\RedHat\java-11-openjdk-11.0.7-1\bin;C:\Users\jacqueline.dsn.pack.ALTERDATA\AppData\Roaming\npm;C:\dsn\win\lib2006\6.12\bpl;C:\Program Files (x86)\HP\Common\HPDestPlgIn\;C:\Users\jacqueline.dsn.pack.ALTERDATA\AppData\Local\Programs\Microsoft VS Code\bin
USERNAME=jacqueline.dsn.pack
OS=Windows_NT
PROCESSOR_IDENTIFIER=Intel64 Family 6 Model 142 Stepping 12, GenuineIntel



---------------  S Y S T E M  ---------------

OS: Windows 10 , 64 bit Build 18362 (10.0.18362.1350)
OS uptime: 8 days 8:33 hours
HyperV virtualization detected

CPU:total 8 (initial active 8) (4 cores per cpu, 2 threads per core) family 6 model 142 stepping 12, cmov, cx8, fxsr, mmx, sse, sse2, sse3, ssse3, sse4.1, sse4.2, popcnt, avx, avx2, aes, clmul, erms, 3dnowpref, lzcnt, ht, tsc, tscinvbit, bmi1, bmi2, adx, fma

Memory: 4k page, system-wide physical 16256M (1999M free)
TotalPageFile size 16256M (AvailPageFile size 205M)
current process WorkingSet (physical memory assigned to process): 10M, peak: 10M
current process commit charge ("private bytes"): 61M, peak: 317M

vm_info: OpenJDK 64-Bit Server VM (11.0.7+10-LTS) for windows-amd64 JRE (11.0.7+10-LTS), built on Apr  9 2020 00:20:14 by "" with MS VC++ 15.9 (VS2017)

END.
